This is pdfTeX, Version 3.1415926-2.5-1.40.13 (TeX Live 2013/dev) (format=pdflatex 2013.7.23)  11 MAR 2016 13:11
entering extended mode
 \write18 enabled.
 %&-line parsing enabled.
**main.tex
(./main.tex
LaTeX2e <2011/06/27>
Babel <v3.8m> and hyphenation patterns for english, dumylang, nohyphenation, lo
aded.
(/usr/share/texlive/texmf/tex/latex/yliow/preamble/mybookpreamble.tex
(/usr/share/texlive/texmf-dist/tex/latex/koma-script/scrbook.cls
Document Class: scrbook 2012/07/29 v3.11b KOMA-Script document class (book)
(/usr/share/texlive/texmf-dist/tex/latex/koma-script/scrkbase.sty
Package: scrkbase 2012/07/29 v3.11b KOMA-Script package (KOMA-Script-dependent 
basics and keyval usage)

(/usr/share/texlive/texmf-dist/tex/latex/koma-script/scrbase.sty
Package: scrbase 2012/07/29 v3.11b KOMA-Script package (KOMA-Script-independent
 basics and keyval usage)

(/usr/share/texlive/texmf-dist/tex/latex/graphics/keyval.sty
Package: keyval 1999/03/16 v1.13 key=value parser (DPC)
\KV@toks@=\toks14
)
(/usr/share/texlive/texmf-dist/tex/latex/koma-script/scrlfile.sty
Package: scrlfile 2012/06/15 v3.12 KOMA-Script package (loading files)

Package scrlfile, 2012/06/15 v3.12 KOMA-Script package (loading files)
                  Copyright (C) Markus Kohm

))) (/usr/share/texlive/texmf-dist/tex/latex/koma-script/tocbasic.sty
Package: tocbasic 2012/04/04 v3.10b KOMA-Script package (handling toc-files)
)
Package tocbasic Info: omitting babel extension for `toc'
(tocbasic)             because of feature `nobabel' available
(tocbasic)             for `toc' on input line 117.
Package tocbasic Info: omitting babel extension for `lof'
(tocbasic)             because of feature `nobabel' available
(tocbasic)             for `lof' on input line 118.
Package tocbasic Info: omitting babel extension for `lot'
(tocbasic)             because of feature `nobabel' available
(tocbasic)             for `lot' on input line 119.
Class scrbook Info: You've used standard option `openany'.
(scrbook)           This is correct!
(scrbook)           Internally I'm using `open=any'.
(scrbook)           If you'd like to set the option with \KOMAoptions,
(scrbook)           you'd have to use `open=any' there
(scrbook)           instead of `openany', too.
Class scrbook Info: You've used standard option `oneside'.
(scrbook)           This is correct!
(scrbook)           Internally I'm using `twoside=false'.
(scrbook)           If you'd like to set the option with \KOMAoptions,
(scrbook)           you'd have to use `twoside=false' there
(scrbook)           instead of `oneside', too.
Package scrbook Info: You've used obsolete option `12pt'.
(scrbook)             \KOMAExecuteOptions{fontsize=12pt} will be
(scrbook)             used instead.
(scrbook)             You may simply replace `12pt'
(scrbook)             by `fontsize=12pt'.
Class scrbook Info: File `scrsize12pt.clo' used to setup font sizes on input li
ne 1368.

(/usr/share/texlive/texmf-dist/tex/latex/koma-script/scrsize12pt.clo
File: scrsize12pt.clo 2012/07/29 v3.11b KOMA-Script font size class option (12p
t)
)
(/usr/share/texlive/texmf-dist/tex/latex/koma-script/typearea.sty
Package: typearea 2012/07/29 v3.11b KOMA-Script package (type area)

Package typearea, 2012/07/29 v3.11b KOMA-Script package (type area)
                  Copyright (C) Frank Neukam, 1992-1994
                  Copyright (C) Markus Kohm, 1994-

\ta@bcor=\skip41
\ta@div=\count79
Package typearea Info: You've used standard option `a4paper'.
(typearea)             This is correct!
(typearea)             Internally I'm using `paper=a4'.
(typearea)             If you'd like to set the option with \KOMAoptions,
(typearea)             you'd have to use `paper=a4' there
(typearea)             instead of `a4paper', too.
Package typearea Info: You've used standard option `oneside'.
(typearea)             This is correct!
(typearea)             Internally I'm using `twoside=false'.
(typearea)             If you'd like to set the option with \KOMAoptions,
(typearea)             you'd have to use `twoside=false' there
(typearea)             instead of `oneside', too.
\ta@hblk=\skip42
\ta@vblk=\skip43
\ta@temp=\skip44
Package typearea Info: These are the values describing the layout:
(typearea)             DIV  = 12
(typearea)             BCOR = 0.0pt
(typearea)             \paperwidth      = 597.50793pt
(typearea)              \textwidth      = 448.13095pt
(typearea)              DIV departure   = -6%
(typearea)              \evensidemargin = 2.4185pt
(typearea)              \oddsidemargin  = 2.4185pt
(typearea)             \paperheight     = 845.04694pt
(typearea)              \textheight     = 548.5pt
(typearea)              \topmargin      = -1.84941pt
(typearea)              \headheight     = 18.125pt
(typearea)              \headsep        = 21.75pt
(typearea)              \topskip        = 12.0pt
(typearea)              \footskip       = 50.75pt
(typearea)              \baselineskip   = 14.5pt
(typearea)              on input line 1213.
)
\c@part=\count80
\c@chapter=\count81
\c@section=\count82
\c@subsection=\count83
\c@subsubsection=\count84
\c@paragraph=\count85
\c@subparagraph=\count86
\abovecaptionskip=\skip45
\belowcaptionskip=\skip46
\c@pti@nb@sid@b@x=\box26
\c@figure=\count87
\c@table=\count88
\bibindent=\dimen102
)) (/usr/share/texlive/texmf/tex/latex/yliow/mybooktwo.sty
(/usr/share/texlive/texmf/tex/latex/yliow/mymacro-new.sty
(/usr/share/texlive/texmf/tex/latex/yliow/useallpackages.tex
(/usr/share/texlive/texmf-dist/tex/latex/amsmath/amsmath.sty
Package: amsmath 2013/01/14 v2.14 AMS math features
\@mathmargin=\skip47

For additional information on amsmath, use the `?' option.
(/usr/share/texlive/texmf-dist/tex/latex/amsmath/amstext.sty
Package: amstext 2000/06/29 v2.01

(/usr/share/texlive/texmf-dist/tex/latex/amsmath/amsgen.sty
File: amsgen.sty 1999/11/30 v2.0
\@emptytoks=\toks15
\ex@=\dimen103
))
(/usr/share/texlive/texmf-dist/tex/latex/amsmath/amsbsy.sty
Package: amsbsy 1999/11/29 v1.2d
\pmbraise@=\dimen104
)
(/usr/share/texlive/texmf-dist/tex/latex/amsmath/amsopn.sty
Package: amsopn 1999/12/14 v2.01 operator names
)
\inf@bad=\count89
LaTeX Info: Redefining \frac on input line 210.
\uproot@=\count90
\leftroot@=\count91
LaTeX Info: Redefining \overline on input line 306.
\classnum@=\count92
\DOTSCASE@=\count93
LaTeX Info: Redefining \ldots on input line 378.
LaTeX Info: Redefining \dots on input line 381.
LaTeX Info: Redefining \cdots on input line 466.
\Mathstrutbox@=\box27
\strutbox@=\box28
\big@size=\dimen105
LaTeX Font Info:    Redeclaring font encoding OML on input line 566.
LaTeX Font Info:    Redeclaring font encoding OMS on input line 567.
\macc@depth=\count94
\c@MaxMatrixCols=\count95
\dotsspace@=\muskip10
\c@parentequation=\count96
\dspbrk@lvl=\count97
\tag@help=\toks16
\row@=\count98
\column@=\count99
\maxfields@=\count100
\andhelp@=\toks17
\eqnshift@=\dimen106
\alignsep@=\dimen107
\tagshift@=\dimen108
\tagwidth@=\dimen109
\totwidth@=\dimen110
\lineht@=\dimen111
\@envbody=\toks18
\multlinegap=\skip48
\multlinetaggap=\skip49
\mathdisplay@stack=\toks19
LaTeX Info: Redefining \[ on input line 2665.
LaTeX Info: Redefining \] on input line 2666.
)
(/usr/share/texlive/texmf-dist/tex/latex/amsfonts/amssymb.sty
Package: amssymb 2013/01/14 v3.01 AMS font symbols

(/usr/share/texlive/texmf-dist/tex/latex/amsfonts/amsfonts.sty
Package: amsfonts 2013/01/14 v3.01 Basic AMSFonts support
\symAMSa=\mathgroup4
\symAMSb=\mathgroup5
LaTeX Font Info:    Overwriting math alphabet `\mathfrak' in version `bold'
(Font)                  U/euf/m/n --> U/euf/b/n on input line 106.
))
(/usr/share/texlive/texmf-dist/tex/latex/amscls/amsthm.sty
Package: amsthm 2004/08/06 v2.20
\thm@style=\toks20
\thm@bodyfont=\toks21
\thm@headfont=\toks22
\thm@notefont=\toks23
\thm@headpunct=\toks24
\thm@preskip=\skip50
\thm@postskip=\skip51
\thm@headsep=\skip52
\dth@everypar=\toks25
)
(/usr/share/texlive/texmf-dist/tex/latex/mh/mathtools.sty
Package: mathtools 2013/02/12 v1.13 mathematical typesetting tools

(/usr/share/texlive/texmf-dist/tex/latex/tools/calc.sty
Package: calc 2007/08/22 v4.3 Infix arithmetic (KKT,FJ)
\calc@Acount=\count101
\calc@Bcount=\count102
\calc@Adimen=\dimen112
\calc@Bdimen=\dimen113
\calc@Askip=\skip53
\calc@Bskip=\skip54
LaTeX Info: Redefining \setlength on input line 76.
LaTeX Info: Redefining \addtolength on input line 77.
\calc@Ccount=\count103
\calc@Cskip=\skip55
)
(/usr/share/texlive/texmf-dist/tex/latex/mh/mhsetup.sty
Package: mhsetup 2010/01/21 v1.2a programming setup (MH)
)
LaTeX Info: Thecontrolsequence`\['isalreadyrobust on input line 129.
LaTeX Info: Thecontrolsequence`\]'isalreadyrobust on input line 129.
\g_MT_multlinerow_int=\count104
\l_MT_multwidth_dim=\dimen114
\origjot=\skip56
\l_MT_shortvdotswithinadjustabove_dim=\dimen115
\l_MT_shortvdotswithinadjustbelow_dim=\dimen116
\l_MT_above_intertext_sep=\dimen117
\l_MT_below_intertext_sep=\dimen118
\l_MT_above_shortintertext_sep=\dimen119
\l_MT_below_shortintertext_sep=\dimen120
)
(/usr/share/texlive/texmf-dist/tex/latex/lipsum/lipsum.sty
Package: lipsum 2011/04/14 v1.2 150 paragraphs of Lorem Ipsum dummy text
\c@lips@count=\count105
)
(/usr/share/texlive/texmf-dist/tex/latex/fancyvrb/fancyvrb.sty
Package: fancyvrb 2008/02/07

Style option: `fancyvrb' v2.7a, with DG/SPQR fixes, and firstline=lastline fix 
<2008/02/07> (tvz)
\FV@CodeLineNo=\count106
\FV@InFile=\read1
\FV@TabBox=\box29
\c@FancyVerbLine=\count107
\FV@StepNumber=\count108
\FV@OutFile=\write3
)
(/usr/share/texlive/texmf-dist/tex/latex/parskip/parskip.sty
Package: parskip 2001/04/09 non-zero parskip adjustments
)
(/usr/share/texlive/texmf-dist/tex/latex/lastpage/lastpage.sty
Package: lastpage 2013/01/28 v1.2l Refers to last page's name (HMM; JPG)
)
(/usr/share/texlive/texmf-dist/tex/latex/tools/verbatim.sty
Package: verbatim 2003/08/22 v1.5q LaTeX2e package for verbatim enhancements
\every@verbatim=\toks26
\verbatim@line=\toks27
\verbatim@in@stream=\read2
)
(/usr/share/texlive/texmf-dist/tex/latex/boxedminipage/boxedminipage.sty)
(/usr/share/texlive/texmf-dist/tex/latex/enumitem/enumitem.sty
Package: enumitem 2011/09/28 v3.5.2 Customized lists
\labelindent=\skip57
\enit@outerparindent=\dimen121
\enit@toks=\toks28
\enit@inbox=\box30
\enitdp@description=\count109
)
(/usr/share/texlive/texmf-dist/tex/latex/hyperref/hyperref.sty
Package: hyperref 2012/11/06 v6.83m Hypertext links for LaTeX

(/usr/share/texlive/texmf-dist/tex/generic/oberdiek/hobsub-hyperref.sty
Package: hobsub-hyperref 2012/05/28 v1.13 Bundle oberdiek, subset hyperref (HO)


(/usr/share/texlive/texmf-dist/tex/generic/oberdiek/hobsub-generic.sty
Package: hobsub-generic 2012/05/28 v1.13 Bundle oberdiek, subset generic (HO)
Package: hobsub 2012/05/28 v1.13 Construct package bundles (HO)
Package: infwarerr 2010/04/08 v1.3 Providing info/warning/error messages (HO)
Package: ltxcmds 2011/11/09 v1.22 LaTeX kernel commands for general use (HO)
Package: ifluatex 2010/03/01 v1.3 Provides the ifluatex switch (HO)
Package ifluatex Info: LuaTeX not detected.
Package: ifvtex 2010/03/01 v1.5 Detect VTeX and its facilities (HO)
Package ifvtex Info: VTeX not detected.
Package: intcalc 2007/09/27 v1.1 Expandable calculations with integers (HO)
Package: ifpdf 2011/01/30 v2.3 Provides the ifpdf switch (HO)
Package ifpdf Info: pdfTeX in PDF mode is detected.
Package: etexcmds 2011/02/16 v1.5 Avoid name clashes with e-TeX commands (HO)
Package etexcmds Info: Could not find \expanded.
(etexcmds)             That can mean that you are not using pdfTeX 1.50 or
(etexcmds)             that some package has redefined \expanded.
(etexcmds)             In the latter case, load this package earlier.
Package: kvsetkeys 2012/04/25 v1.16 Key value parser (HO)
Package: kvdefinekeys 2011/04/07 v1.3 Define keys (HO)
Package: pdftexcmds 2011/11/29 v0.20 Utility functions of pdfTeX for LuaTeX (HO
)
Package pdftexcmds Info: LuaTeX not detected.
Package pdftexcmds Info: \pdf@primitive is available.
Package pdftexcmds Info: \pdf@ifprimitive is available.
Package pdftexcmds Info: \pdfdraftmode found.
Package: pdfescape 2011/11/25 v1.13 Implements pdfTeX's escape features (HO)
Package: bigintcalc 2012/04/08 v1.3 Expandable calculations on big integers (HO
)
Package: bitset 2011/01/30 v1.1 Handle bit-vector datatype (HO)
Package: uniquecounter 2011/01/30 v1.2 Provide unlimited unique counter (HO)
)
Package hobsub Info: Skipping package `hobsub' (already loaded).
Package: letltxmacro 2010/09/02 v1.4 Let assignment for LaTeX macros (HO)
Package: hopatch 2012/05/28 v1.2 Wrapper for package hooks (HO)
Package: xcolor-patch 2011/01/30 xcolor patch
Package: atveryend 2011/06/30 v1.8 Hooks at the very end of document (HO)
Package atveryend Info: \enddocument detected (standard20110627).
Package: atbegshi 2011/10/05 v1.16 At begin shipout hook (HO)
Package: refcount 2011/10/16 v3.4 Data extraction from label references (HO)
Package: hycolor 2011/01/30 v1.7 Color options for hyperref/bookmark (HO)
)
(/usr/share/texlive/texmf-dist/tex/generic/ifxetex/ifxetex.sty
Package: ifxetex 2010/09/12 v0.6 Provides ifxetex conditional
)
(/usr/share/texlive/texmf-dist/tex/latex/oberdiek/auxhook.sty
Package: auxhook 2011/03/04 v1.3 Hooks for auxiliary files (HO)
)
(/usr/share/texlive/texmf-dist/tex/latex/oberdiek/kvoptions.sty
Package: kvoptions 2011/06/30 v3.11 Key value format for package options (HO)
)
\@linkdim=\dimen122
\Hy@linkcounter=\count110
\Hy@pagecounter=\count111

(/usr/share/texlive/texmf-dist/tex/latex/hyperref/pd1enc.def
File: pd1enc.def 2012/11/06 v6.83m Hyperref: PDFDocEncoding definition (HO)
)
\Hy@SavedSpaceFactor=\count112

(/usr/share/texlive/texmf-dist/tex/latex/latexconfig/hyperref.cfg
File: hyperref.cfg 2002/06/06 v1.2 hyperref configuration of TeXLive
)
Package hyperref Info: Hyper figures OFF on input line 4443.
Package hyperref Info: Link nesting OFF on input line 4448.
Package hyperref Info: Hyper index ON on input line 4451.
Package hyperref Info: Plain pages OFF on input line 4458.
Package hyperref Info: Backreferencing OFF on input line 4463.
Package hyperref Info: Implicit mode ON; LaTeX internals redefined.
Package hyperref Info: Bookmarks ON on input line 4688.
\c@Hy@tempcnt=\count113

(/usr/share/texlive/texmf-dist/tex/latex/url/url.sty
\Urlmuskip=\muskip11
Package: url 2006/04/12  ver 3.3  Verb mode for urls, etc.
)
LaTeX Info: Redefining \url on input line 5041.
\XeTeXLinkMargin=\dimen123
\Fld@menulength=\count114
\Field@Width=\dimen124
\Fld@charsize=\dimen125
Package hyperref Info: Hyper figures OFF on input line 6295.
Package hyperref Info: Link nesting OFF on input line 6300.
Package hyperref Info: Hyper index ON on input line 6303.
Package hyperref Info: backreferencing OFF on input line 6310.
Package hyperref Info: Link coloring OFF on input line 6315.
Package hyperref Info: Link coloring with OCG OFF on input line 6320.
Package hyperref Info: PDF/A mode OFF on input line 6325.
LaTeX Info: Redefining \ref on input line 6365.
LaTeX Info: Redefining \pageref on input line 6369.
\Hy@abspage=\count115
\c@Item=\count116
\c@Hfootnote=\count117
)

Package hyperref Message: Driver (autodetected): hpdftex.

(/usr/share/texlive/texmf-dist/tex/latex/hyperref/hpdftex.def
File: hpdftex.def 2012/11/06 v6.83m Hyperref driver for pdfTeX
\Fld@listcount=\count118
\c@bookmark@seq@number=\count119

(/usr/share/texlive/texmf-dist/tex/latex/oberdiek/rerunfilecheck.sty
Package: rerunfilecheck 2011/04/15 v1.7 Rerun checks for auxiliary files (HO)
Package uniquecounter Info: New unique counter `rerunfilecheck' on input line 2
82.
)
\Hy@SectionHShift=\skip58
)
(/usr/share/texlive/texmf-dist/tex/latex/base/makeidx.sty
Package: makeidx 2000/03/29 v1.0m Standard LaTeX package
)
\@indexfile=\write4
\openout4 = `main.idx'.


Writing index file main.idx
(/usr/share/texlive/texmf-dist/tex/latex/base/ifthen.sty
Package: ifthen 2001/05/26 v1.1c Standard LaTeX ifthen package (DPC)
)
(/usr/share/texlive/texmf-dist/tex/latex/graphics/color.sty
Package: color 2005/11/14 v1.0j Standard LaTeX Color (DPC)

(/usr/share/texlive/texmf-dist/tex/latex/latexconfig/color.cfg
File: color.cfg 2007/01/18 v1.5 color configuration of teTeX/TeXLive
)
Package color Info: Driver file: pdftex.def on input line 130.

(/usr/share/texlive/texmf-dist/tex/latex/pdftex-def/pdftex.def
File: pdftex.def 2011/05/27 v0.06d Graphics/color for pdfTeX
\Gread@gobject=\count120
))
(/usr/share/texlive/texmf-dist/tex/latex/graphics/graphicx.sty
Package: graphicx 1999/02/16 v1.0f Enhanced LaTeX Graphics (DPC,SPQR)

(/usr/share/texlive/texmf-dist/tex/latex/graphics/graphics.sty
Package: graphics 2009/02/05 v1.0o Standard LaTeX Graphics (DPC,SPQR)

(/usr/share/texlive/texmf-dist/tex/latex/graphics/trig.sty
Package: trig 1999/03/16 v1.09 sin cos tan (DPC)
)
(/usr/share/texlive/texmf-dist/tex/latex/latexconfig/graphics.cfg
File: graphics.cfg 2010/04/23 v1.9 graphics configuration of TeX Live
)
Package graphics Info: Driver file: pdftex.def on input line 91.
)
\Gin@req@height=\dimen126
\Gin@req@width=\dimen127
)
(/usr/share/texlive/texmf/tex/latex/yliow/download/pgf-2.10/tex/latex/pgf/basic
layer/pgf.sty
(/usr/share/texlive/texmf/tex/latex/yliow/download/pgf-2.10/tex/latex/pgf/utili
ties/pgfrcs.sty
(/usr/share/texlive/texmf/tex/latex/yliow/download/pgf-2.10/tex/generic/pgf/uti
lities/pgfutil-common.tex
\pgfutil@everybye=\toks29
)
(/usr/share/texlive/texmf/tex/latex/yliow/download/pgf-2.10/tex/generic/pgf/uti
lities/pgfutil-latex.def
\pgfutil@abb=\box31

(/usr/share/texlive/texmf-dist/tex/latex/ms/everyshi.sty
Package: everyshi 2001/05/15 v3.00 EveryShipout Package (MS)
))
(/usr/share/texlive/texmf/tex/latex/yliow/download/pgf-2.10/tex/generic/pgf/uti
lities/pgfrcs.code.tex
Package: pgfrcs 2010/10/25 v2.10 (rcs-revision 1.24)
))
Package: pgf 2008/01/15 v2.10 (rcs-revision 1.12)

(/usr/share/texlive/texmf/tex/latex/yliow/download/pgf-2.10/tex/latex/pgf/basic
layer/pgfcore.sty
(/usr/share/texlive/texmf/tex/latex/yliow/download/pgf-2.10/tex/latex/pgf/syste
mlayer/pgfsys.sty
(/usr/share/texlive/texmf/tex/latex/yliow/download/pgf-2.10/tex/generic/pgf/sys
temlayer/pgfsys.code.tex
Package: pgfsys 2010/06/30 v2.10 (rcs-revision 1.37)

(/usr/share/texlive/texmf/tex/latex/yliow/download/pgf-2.10/tex/generic/pgf/uti
lities/pgfkeys.code.tex
\pgfkeys@pathtoks=\toks30
\pgfkeys@temptoks=\toks31

(/usr/share/texlive/texmf/tex/latex/yliow/download/pgf-2.10/tex/generic/pgf/uti
lities/pgfkeysfiltered.code.tex
\pgfkeys@tmptoks=\toks32
))
\pgf@x=\dimen128
\pgf@y=\dimen129
\pgf@xa=\dimen130
\pgf@ya=\dimen131
\pgf@xb=\dimen132
\pgf@yb=\dimen133
\pgf@xc=\dimen134
\pgf@yc=\dimen135
\w@pgf@writea=\write5
\r@pgf@reada=\read3
\c@pgf@counta=\count121
\c@pgf@countb=\count122
\c@pgf@countc=\count123
\c@pgf@countd=\count124

(/usr/share/texlive/texmf/tex/latex/yliow/download/pgf-2.10/tex/generic/pgf/sys
temlayer/pgf.cfg
File: pgf.cfg 2008/05/14  (rcs-revision 1.7)
)
Package pgfsys Info: Driver file for pgf: pgfsys-pdftex.def on input line 900.

(/usr/share/texlive/texmf/tex/latex/yliow/download/pgf-2.10/tex/generic/pgf/sys
temlayer/pgfsys-pdftex.def
File: pgfsys-pdftex.def 2009/05/22  (rcs-revision 1.26)

(/usr/share/texlive/texmf/tex/latex/yliow/download/pgf-2.10/tex/generic/pgf/sys
temlayer/pgfsys-common-pdf.def
File: pgfsys-common-pdf.def 2008/05/19  (rcs-revision 1.10)
)))
(/usr/share/texlive/texmf/tex/latex/yliow/download/pgf-2.10/tex/generic/pgf/sys
temlayer/pgfsyssoftpath.code.tex
File: pgfsyssoftpath.code.tex 2008/07/18  (rcs-revision 1.7)
\pgfsyssoftpath@smallbuffer@items=\count125
\pgfsyssoftpath@bigbuffer@items=\count126
)
(/usr/share/texlive/texmf/tex/latex/yliow/download/pgf-2.10/tex/generic/pgf/sys
temlayer/pgfsysprotocol.code.tex
File: pgfsysprotocol.code.tex 2006/10/16  (rcs-revision 1.4)
))
(/usr/share/texlive/texmf-dist/tex/latex/xcolor/xcolor.sty
Package: xcolor 2007/01/21 v2.11 LaTeX color extensions (UK)

(/usr/share/texlive/texmf-dist/tex/latex/latexconfig/color.cfg
File: color.cfg 2007/01/18 v1.5 color configuration of teTeX/TeXLive
)
Package xcolor Info: Driver file: pdftex.def on input line 225.
LaTeX Info: Redefining \color on input line 702.
Package xcolor Info: Model `cmy' substituted by `cmy0' on input line 1337.
Package xcolor Info: Model `hsb' substituted by `rgb' on input line 1341.
Package xcolor Info: Model `RGB' extended on input line 1353.
Package xcolor Info: Model `HTML' substituted by `rgb' on input line 1355.
Package xcolor Info: Model `Hsb' substituted by `hsb' on input line 1356.
Package xcolor Info: Model `tHsb' substituted by `hsb' on input line 1357.
Package xcolor Info: Model `HSB' substituted by `hsb' on input line 1358.
Package xcolor Info: Model `Gray' substituted by `gray' on input line 1359.
Package xcolor Info: Model `wave' substituted by `hsb' on input line 1360.
)
(/usr/share/texlive/texmf/tex/latex/yliow/download/pgf-2.10/tex/generic/pgf/bas
iclayer/pgfcore.code.tex
Package: pgfcore 2010/04/11 v2.10 (rcs-revision 1.7)

(/usr/share/texlive/texmf/tex/latex/yliow/download/pgf-2.10/tex/generic/pgf/mat
h/pgfmath.code.tex
(/usr/share/texlive/texmf/tex/latex/yliow/download/pgf-2.10/tex/generic/pgf/mat
h/pgfmathcalc.code.tex
(/usr/share/texlive/texmf/tex/latex/yliow/download/pgf-2.10/tex/generic/pgf/mat
h/pgfmathutil.code.tex)
(/usr/share/texlive/texmf/tex/latex/yliow/download/pgf-2.10/tex/generic/pgf/mat
h/pgfmathparser.code.tex
\pgfmath@dimen=\dimen136
\pgfmath@count=\count127
\pgfmath@box=\box32
\pgfmath@toks=\toks33
\pgfmath@stack@operand=\toks34
\pgfmath@stack@operation=\toks35
)
(/usr/share/texlive/texmf/tex/latex/yliow/download/pgf-2.10/tex/generic/pgf/mat
h/pgfmathfunctions.code.tex
(/usr/share/texlive/texmf/tex/latex/yliow/download/pgf-2.10/tex/generic/pgf/mat
h/pgfmathfunctions.basic.code.tex)
(/usr/share/texlive/texmf/tex/latex/yliow/download/pgf-2.10/tex/generic/pgf/mat
h/pgfmathfunctions.trigonometric.code.tex)
(/usr/share/texlive/texmf/tex/latex/yliow/download/pgf-2.10/tex/generic/pgf/mat
h/pgfmathfunctions.random.code.tex)
(/usr/share/texlive/texmf/tex/latex/yliow/download/pgf-2.10/tex/generic/pgf/mat
h/pgfmathfunctions.comparison.code.tex)
(/usr/share/texlive/texmf/tex/latex/yliow/download/pgf-2.10/tex/generic/pgf/mat
h/pgfmathfunctions.base.code.tex)
(/usr/share/texlive/texmf/tex/latex/yliow/download/pgf-2.10/tex/generic/pgf/mat
h/pgfmathfunctions.round.code.tex)
(/usr/share/texlive/texmf/tex/latex/yliow/download/pgf-2.10/tex/generic/pgf/mat
h/pgfmathfunctions.misc.code.tex)))
(/usr/share/texlive/texmf/tex/latex/yliow/download/pgf-2.10/tex/generic/pgf/mat
h/pgfmathfloat.code.tex
\c@pgfmathroundto@lastzeros=\count128
))
(/usr/share/texlive/texmf/tex/latex/yliow/download/pgf-2.10/tex/generic/pgf/bas
iclayer/pgfcorepoints.code.tex
File: pgfcorepoints.code.tex 2010/04/09  (rcs-revision 1.20)
\pgf@picminx=\dimen137
\pgf@picmaxx=\dimen138
\pgf@picminy=\dimen139
\pgf@picmaxy=\dimen140
\pgf@pathminx=\dimen141
\pgf@pathmaxx=\dimen142
\pgf@pathminy=\dimen143
\pgf@pathmaxy=\dimen144
\pgf@xx=\dimen145
\pgf@xy=\dimen146
\pgf@yx=\dimen147
\pgf@yy=\dimen148
\pgf@zx=\dimen149
\pgf@zy=\dimen150
)
(/usr/share/texlive/texmf/tex/latex/yliow/download/pgf-2.10/tex/generic/pgf/bas
iclayer/pgfcorepathconstruct.code.tex
File: pgfcorepathconstruct.code.tex 2010/08/03  (rcs-revision 1.24)
\pgf@path@lastx=\dimen151
\pgf@path@lasty=\dimen152
)
(/usr/share/texlive/texmf/tex/latex/yliow/download/pgf-2.10/tex/generic/pgf/bas
iclayer/pgfcorepathusage.code.tex
File: pgfcorepathusage.code.tex 2008/04/22  (rcs-revision 1.12)
\pgf@shorten@end@additional=\dimen153
\pgf@shorten@start@additional=\dimen154
)
(/usr/share/texlive/texmf/tex/latex/yliow/download/pgf-2.10/tex/generic/pgf/bas
iclayer/pgfcorescopes.code.tex
File: pgfcorescopes.code.tex 2010/09/08  (rcs-revision 1.34)
\pgfpic=\box33
\pgf@hbox=\box34
\pgf@layerbox@main=\box35
\pgf@picture@serial@count=\count129
)
(/usr/share/texlive/texmf/tex/latex/yliow/download/pgf-2.10/tex/generic/pgf/bas
iclayer/pgfcoregraphicstate.code.tex
File: pgfcoregraphicstate.code.tex 2008/04/22  (rcs-revision 1.9)
\pgflinewidth=\dimen155
)
(/usr/share/texlive/texmf/tex/latex/yliow/download/pgf-2.10/tex/generic/pgf/bas
iclayer/pgfcoretransformations.code.tex
File: pgfcoretransformations.code.tex 2009/06/10  (rcs-revision 1.11)
\pgf@pt@x=\dimen156
\pgf@pt@y=\dimen157
\pgf@pt@temp=\dimen158
)
(/usr/share/texlive/texmf/tex/latex/yliow/download/pgf-2.10/tex/generic/pgf/bas
iclayer/pgfcorequick.code.tex
File: pgfcorequick.code.tex 2008/10/09  (rcs-revision 1.3)
)
(/usr/share/texlive/texmf/tex/latex/yliow/download/pgf-2.10/tex/generic/pgf/bas
iclayer/pgfcoreobjects.code.tex
File: pgfcoreobjects.code.tex 2006/10/11  (rcs-revision 1.2)
)
(/usr/share/texlive/texmf/tex/latex/yliow/download/pgf-2.10/tex/generic/pgf/bas
iclayer/pgfcorepathprocessing.code.tex
File: pgfcorepathprocessing.code.tex 2008/10/09  (rcs-revision 1.8)
)
(/usr/share/texlive/texmf/tex/latex/yliow/download/pgf-2.10/tex/generic/pgf/bas
iclayer/pgfcorearrows.code.tex
File: pgfcorearrows.code.tex 2008/04/23  (rcs-revision 1.11)
)
(/usr/share/texlive/texmf/tex/latex/yliow/download/pgf-2.10/tex/generic/pgf/bas
iclayer/pgfcoreshade.code.tex
File: pgfcoreshade.code.tex 2008/11/23  (rcs-revision 1.13)
\pgf@max=\dimen159
\pgf@sys@shading@range@num=\count130
)
(/usr/share/texlive/texmf/tex/latex/yliow/download/pgf-2.10/tex/generic/pgf/bas
iclayer/pgfcoreimage.code.tex
File: pgfcoreimage.code.tex 2010/03/25  (rcs-revision 1.16)

(/usr/share/texlive/texmf/tex/latex/yliow/download/pgf-2.10/tex/generic/pgf/bas
iclayer/pgfcoreexternal.code.tex
File: pgfcoreexternal.code.tex 2010/09/01  (rcs-revision 1.17)
\pgfexternal@startupbox=\box36
))
(/usr/share/texlive/texmf/tex/latex/yliow/download/pgf-2.10/tex/generic/pgf/bas
iclayer/pgfcorelayers.code.tex
File: pgfcorelayers.code.tex 2010/08/27  (rcs-revision 1.2)
)
(/usr/share/texlive/texmf/tex/latex/yliow/download/pgf-2.10/tex/generic/pgf/bas
iclayer/pgfcoretransparency.code.tex
File: pgfcoretransparency.code.tex 2008/01/17  (rcs-revision 1.2)
)
(/usr/share/texlive/texmf/tex/latex/yliow/download/pgf-2.10/tex/generic/pgf/bas
iclayer/pgfcorepatterns.code.tex
File: pgfcorepatterns.code.tex 2009/07/02  (rcs-revision 1.3)
)))
(/usr/share/texlive/texmf/tex/latex/yliow/download/pgf-2.10/tex/generic/pgf/mod
ules/pgfmoduleshapes.code.tex
File: pgfmoduleshapes.code.tex 2010/09/09  (rcs-revision 1.13)
\pgfnodeparttextbox=\box37
)
(/usr/share/texlive/texmf/tex/latex/yliow/download/pgf-2.10/tex/generic/pgf/mod
ules/pgfmoduleplot.code.tex
File: pgfmoduleplot.code.tex 2010/10/22  (rcs-revision 1.8)
)
(/usr/share/texlive/texmf/tex/latex/yliow/download/pgf-2.10/tex/latex/pgf/compa
tibility/pgfcomp-version-0-65.sty
Package: pgfcomp-version-0-65 2007/07/03 v2.10 (rcs-revision 1.7)
\pgf@nodesepstart=\dimen160
\pgf@nodesepend=\dimen161
)
(/usr/share/texlive/texmf/tex/latex/yliow/download/pgf-2.10/tex/latex/pgf/compa
tibility/pgfcomp-version-1-18.sty
Package: pgfcomp-version-1-18 2007/07/23 v2.10 (rcs-revision 1.1)
))
(/usr/share/texlive/texmf-dist/tex/latex/tools/longtable.sty
Package: longtable 2004/02/01 v4.11 Multi-page Table package (DPC)
\LTleft=\skip59
\LTright=\skip60
\LTpre=\skip61
\LTpost=\skip62
\LTchunksize=\count131
\LTcapwidth=\dimen162
\LT@head=\box38
\LT@firsthead=\box39
\LT@foot=\box40
\LT@lastfoot=\box41
\LT@cols=\count132
\LT@rows=\count133
\c@LT@tables=\count134
\c@LT@chunks=\count135
\LT@p@ftn=\toks36
)
Class scrbook Info: longtable captions redefined on input line 19.

(/usr/share/texlive/texmf-dist/tex/latex/upquote/upquote.sty
Package: upquote 2012/04/19 v1.3 upright-quote and grave-accent glyphs in verba
tim
)
(/usr/share/texlive/texmf/tex/latex/yliow/download/tobiShell.sty
Package: tobiShell 2004/04/12 This is tobiShell.sty. v1:2003/11/25
\tobiShellFile=\write6
)
(/usr/share/texlive/texmf/tex/latex/yliow/download/pgf-2.10/tex/latex/pgf/front
endlayer/tikz.sty
(/usr/share/texlive/texmf/tex/latex/yliow/download/pgf-2.10/tex/latex/pgf/utili
ties/pgffor.sty
(/usr/share/texlive/texmf/tex/latex/yliow/download/pgf-2.10/tex/latex/pgf/utili
ties/pgfkeys.sty
(/usr/share/texlive/texmf/tex/latex/yliow/download/pgf-2.10/tex/generic/pgf/uti
lities/pgfkeys.code.tex))
(/usr/share/texlive/texmf/tex/latex/yliow/download/pgf-2.10/tex/generic/pgf/uti
lities/pgffor.code.tex
Package: pgffor 2010/03/23 v2.10 (rcs-revision 1.18)
\pgffor@iter=\dimen163
\pgffor@skip=\dimen164
\pgffor@stack=\toks37
\pgffor@toks=\toks38
))
(/usr/share/texlive/texmf/tex/latex/yliow/download/pgf-2.10/tex/generic/pgf/fro
ntendlayer/tikz/tikz.code.tex
Package: tikz 2010/10/13 v2.10 (rcs-revision 1.76)

(/usr/share/texlive/texmf/tex/latex/yliow/download/pgf-2.10/tex/generic/pgf/lib
raries/pgflibraryplothandlers.code.tex
File: pgflibraryplothandlers.code.tex 2010/05/31 v2.10 (rcs-revision 1.15)
\pgf@plot@mark@count=\count136
\pgfplotmarksize=\dimen165
)
\tikz@lastx=\dimen166
\tikz@lasty=\dimen167
\tikz@lastxsaved=\dimen168
\tikz@lastysaved=\dimen169
\tikzleveldistance=\dimen170
\tikzsiblingdistance=\dimen171
\tikz@figbox=\box42
\tikz@tempbox=\box43
\tikztreelevel=\count137
\tikznumberofchildren=\count138
\tikznumberofcurrentchild=\count139
\tikz@fig@count=\count140

(/usr/share/texlive/texmf/tex/latex/yliow/download/pgf-2.10/tex/generic/pgf/mod
ules/pgfmodulematrix.code.tex
File: pgfmodulematrix.code.tex 2010/08/24  (rcs-revision 1.4)
\pgfmatrixcurrentrow=\count141
\pgfmatrixcurrentcolumn=\count142
\pgf@matrix@numberofcolumns=\count143
)
\tikz@expandcount=\count144

(/usr/share/texlive/texmf/tex/latex/yliow/download/pgf-2.10/tex/generic/pgf/fro
ntendlayer/tikz/libraries/tikzlibrarytopaths.code.tex
File: tikzlibrarytopaths.code.tex 2008/06/17 v2.10 (rcs-revision 1.2)
)))
(/usr/share/texlive/texmf/tex/latex/yliow/download/pgf-2.10/tex/generic/pgf/fro
ntendlayer/tikz/libraries/tikzlibraryautomata.code.tex
File: tikzlibraryautomata.code.tex 2008/07/14 v2.10 (rcs-revision 1.3)

(/usr/share/texlive/texmf/tex/latex/yliow/download/pgf-2.10/tex/generic/pgf/fro
ntendlayer/tikz/libraries/tikzlibraryshapes.multipart.code.tex
File: tikzlibraryshapes.multipart.code.tex 2008/01/09 v2.10 (rcs-revision 1.1)

(/usr/share/texlive/texmf/tex/latex/yliow/download/pgf-2.10/tex/generic/pgf/lib
raries/shapes/pgflibraryshapes.multipart.code.tex
File: pgflibraryshapes.multipart.code.tex 2010/01/07 v2.10 (rcs-revision 1.2)
\pgfnodepartlowerbox=\box44
\pgfnodeparttwobox=\box45
\pgfnodepartthreebox=\box46
\pgfnodepartfourbox=\box47
\pgfnodeparttwentybox=\box48
\pgfnodepartnineteenbox=\box49
\pgfnodeparteighteenbox=\box50
\pgfnodepartseventeenbox=\box51
\pgfnodepartsixteenbox=\box52
\pgfnodepartfifteenbox=\box53
\pgfnodepartfourteenbox=\box54
\pgfnodepartthirteenbox=\box55
\pgfnodeparttwelvebox=\box56
\pgfnodepartelevenbox=\box57
\pgfnodeparttenbox=\box58
\pgfnodepartninebox=\box59
\pgfnodeparteightbox=\box60
\pgfnodepartsevenbox=\box61
\pgfnodepartsixbox=\box62
\pgfnodepartfivebox=\box63
)))
(/usr/share/texlive/texmf/tex/latex/yliow/download/pgf-2.10/tex/generic/pgf/fro
ntendlayer/tikz/libraries/tikzlibraryarrows.code.tex
File: tikzlibraryarrows.code.tex 2008/01/09 v2.10 (rcs-revision 1.1)

(/usr/share/texlive/texmf/tex/latex/yliow/download/pgf-2.10/tex/generic/pgf/lib
raries/pgflibraryarrows.code.tex
File: pgflibraryarrows.code.tex 2008/10/27 v2.10 (rcs-revision 1.9)
\arrowsize=\dimen172
))
(/usr/share/texlive/texmf/tex/latex/yliow/download/pgf-2.10/tex/latex/pgf/compa
tibility/pgfarrows.sty
Package: pgfarrows 2006/10/11 v2.10 (rcs-revision 1.3)


Package pgfarrows Warning: This package is obsolete. pgf.sty will load arrow ma
nagement automatically on input line 17.

)
(/usr/share/texlive/texmf/tex/latex/yliow/download/pgf-2.10/tex/latex/pgf/compa
tibility/pgfnodes.sty
Package: pgfnodes 2006/10/11 v2.10 (rcs-revision 1.3)


Package pgfnodes Warning: This package is obsolete. pgf.sty will load node mana
gement automatically on input line 17.

)
(/usr/share/texlive/texmf/tex/latex/yliow/download/pgfplots/tex/latex/pgfplots/
pgfplots.sty
(/usr/share/texlive/texmf/tex/latex/yliow/download/pgfplots/tex/generic/pgfplot
s/pgfplots.revision.tex)
Package: pgfplots 2010/07/14 Version 1.4.1 (git show 1.4.1-1-g64c9e95 )

(/usr/share/texlive/texmf/tex/latex/yliow/download/pgfplots/tex/generic/pgfplot
s/pgfplots.code.tex
(/usr/share/texlive/texmf/tex/latex/yliow/download/pgfplots/tex/generic/pgfplot
s/pgfplotscore.code.tex
\t@pgfplots@toka=\toks39
\t@pgfplots@tokb=\toks40
\t@pgfplots@tokc=\toks41
\pgfplots@tmpa=\dimen173
\c@pgfplots@coordindex=\count145
\c@pgfplots@scanlineindex=\count146
)
(/usr/share/texlive/texmf/tex/latex/yliow/download/pgfplots/tex/generic/pgfplot
s/libs/pgfplotslibrary.code.tex)
(/usr/share/texlive/texmf/tex/latex/yliow/download/pgfplots/tex/generic/pgfplot
s/oldpgfcompatib/pgfplotsoldpgfsupp_loader.code.tex
(/usr/share/texlive/texmf/tex/latex/yliow/download/pgf-2.10/tex/generic/pgf/lib
raries/pgflibraryfpu.code.tex))
(/usr/share/texlive/texmf/tex/latex/yliow/download/pgfplots/tex/generic/pgfplot
s/util/pgfplotsutil.code.tex
(/usr/share/texlive/texmf/tex/latex/yliow/download/pgfplots/tex/generic/pgfplot
s/liststructure/pgfplotsliststructure.code.tex)
(/usr/share/texlive/texmf/tex/latex/yliow/download/pgfplots/tex/generic/pgfplot
s/liststructure/pgfplotsliststructureext.code.tex)
(/usr/share/texlive/texmf/tex/latex/yliow/download/pgfplots/tex/generic/pgfplot
s/liststructure/pgfplotsarray.code.tex
\c@pgfplotsarray@tmp=\count147
)
(/usr/share/texlive/texmf/tex/latex/yliow/download/pgfplots/tex/generic/pgfplot
s/numtable/pgfplotstableshared.code.tex
\c@pgfplotstable@counta=\count148
\t@pgfplotstable@a=\toks42
\pgfplotstable@outfile=\write7
)
(/usr/share/texlive/texmf/tex/latex/yliow/download/pgfplots/tex/generic/pgfplot
s/liststructure/pgfplotsdeque.code.tex)
(/usr/share/texlive/texmf/tex/latex/yliow/download/pgfplots/tex/generic/pgfplot
s/util/pgfplotsbinary.code.tex)
(/usr/share/texlive/texmf/tex/latex/yliow/download/pgfplots/tex/generic/pgfplot
s/libs/pgflibrarypgfplots.surfshading.code.tex
(/usr/share/texlive/texmf/tex/latex/yliow/download/pgfplots/tex/generic/pgfplot
s/sys/pgflibrarypgfplots.surfshading.pgfsys-pdftex.def)))
(/usr/share/texlive/texmf/tex/latex/yliow/download/pgfplots/tex/generic/pgfplot
s/util/pgfplotscolormap.code.tex)
(/usr/share/texlive/texmf/tex/latex/yliow/download/pgfplots/tex/generic/pgfplot
s/pgfplotsstackedplots.code.tex)
(/usr/share/texlive/texmf/tex/latex/yliow/download/pgfplots/tex/generic/pgfplot
s/pgfplotscoordprocessing.code.tex)
(/usr/share/texlive/texmf/tex/latex/yliow/download/pgfplots/tex/generic/pgfplot
s/pgfplotsticks.code.tex)
(/usr/share/texlive/texmf/tex/latex/yliow/download/pgf-2.10/tex/generic/pgf/fro
ntendlayer/tikz/libraries/tikzlibrarydecorations.code.tex
(/usr/share/texlive/texmf/tex/latex/yliow/download/pgf-2.10/tex/generic/pgf/mod
ules/pgfmoduledecorations.code.tex
\pgfdecoratedcompleteddistance=\dimen174
\pgfdecoratedremainingdistance=\dimen175
\pgfdecoratedinputsegmentcompleteddistance=\dimen176
\pgfdecoratedinputsegmentremainingdistance=\dimen177
\pgf@decorate@distancetomove=\dimen178
\pgf@decorate@repeatstate=\count149
\pgfdecorationsegmentamplitude=\dimen179
\pgfdecorationsegmentlength=\dimen180
)
\tikz@lib@dec@box=\box64
)
(/usr/share/texlive/texmf/tex/latex/yliow/download/pgf-2.10/tex/generic/pgf/fro
ntendlayer/tikz/libraries/tikzlibrarydecorations.pathmorphing.code.tex
(/usr/share/texlive/texmf/tex/latex/yliow/download/pgf-2.10/tex/generic/pgf/lib
raries/decorations/pgflibrarydecorations.pathmorphing.code.tex))
(/usr/share/texlive/texmf/tex/latex/yliow/download/pgf-2.10/tex/generic/pgf/fro
ntendlayer/tikz/libraries/tikzlibrarydecorations.pathreplacing.code.tex
(/usr/share/texlive/texmf/tex/latex/yliow/download/pgf-2.10/tex/generic/pgf/lib
raries/decorations/pgflibrarydecorations.pathreplacing.code.tex))
\pgfplots@numplots=\count150
\pgfplots@xmin@reg=\dimen181
\pgfplots@xmax@reg=\dimen182
\pgfplots@ymin@reg=\dimen183
\pgfplots@ymax@reg=\dimen184
\pgfplots@zmin@reg=\dimen185
\pgfplots@zmax@reg=\dimen186
)
(/usr/share/texlive/texmf/tex/latex/yliow/download/pgf-2.10/tex/generic/pgf/fro
ntendlayer/tikz/libraries/tikzlibraryplotmarks.code.tex
File: tikzlibraryplotmarks.code.tex 2008/01/09 v2.10 (rcs-revision 1.1)

(/usr/share/texlive/texmf/tex/latex/yliow/download/pgf-2.10/tex/generic/pgf/lib
raries/pgflibraryplotmarks.code.tex
File: pgflibraryplotmarks.code.tex 2010/10/15 v2.10 (rcs-revision 1.12)
)))
(/usr/share/texlive/texmf/tex/latex/yliow/download/circuitikz/tex/latex/circuit
ikz/circuitikz.sty
Package: circuitikz 2009/11/18 The CircuiTikz circuit drawing package version 0
.2.3

(/usr/share/texlive/texmf/tex/latex/yliow/download/pgf-2.10/tex/generic/pgf/fro
ntendlayer/tikz/libraries/tikzlibrarycalc.code.tex
File: tikzlibrarycalc.code.tex 2009/09/04 v2.10 (rcs-revision 1.6)
)
(/usr/share/texlive/texmf/tex/latex/yliow/download/circuitikz/tex/latex/circuit
ikz/circuitikz.code.tex
\pgf@circ@Rlen=\dimen187

(/usr/share/texlive/texmf/tex/latex/yliow/download/circuitikz/tex/latex/circuit
ikz/pgfcircutils.sty)
(/usr/share/texlive/texmf/tex/latex/yliow/download/circuitikz/tex/latex/circuit
ikz/pgfcircmath.sty)
(/usr/share/texlive/texmf/tex/latex/yliow/download/circuitikz/tex/latex/circuit
ikz/pgfcircshapes.sty)
(/usr/share/texlive/texmf/tex/latex/yliow/download/circuitikz/tex/latex/circuit
ikz/pgfcircmonopoles.sty)
(/usr/share/texlive/texmf/tex/latex/yliow/download/circuitikz/tex/latex/circuit
ikz/pgfcircbipoles.sty)
(/usr/share/texlive/texmf/tex/latex/yliow/download/circuitikz/tex/latex/circuit
ikz/pgfcirctripoles.sty)
(/usr/share/texlive/texmf/tex/latex/yliow/download/circuitikz/tex/latex/circuit
ikz/pgfcircquadpoles.sty)
(/usr/share/texlive/texmf/tex/latex/yliow/download/circuitikz/tex/latex/circuit
ikz/pgfcirclabel.sty)
(/usr/share/texlive/texmf/tex/latex/yliow/download/circuitikz/tex/latex/circuit
ikz/pgfcircvoltage.sty)
(/usr/share/texlive/texmf/tex/latex/yliow/download/circuitikz/tex/latex/circuit
ikz/pgfcirccurrent.sty))
(/usr/share/texlive/texmf/tex/latex/yliow/download/circuitikz/tex/latex/circuit
ikz/circuitikz1.code.tex
\pgf@circ@res@up=\dimen188
\pgf@circ@res@down=\dimen189
\pgf@circ@res@zero=\dimen190
\pgf@circ@res@left=\dimen191
\pgf@circ@res@right=\dimen192
\pgf@circ@res@other=\dimen193
\pgf@circ@res@step=\dimen194
\pgfstartlinewidth=\dimen195
))
(/usr/share/texlive/texmf/tex/latex/yliow/download/pgf-2.10/tex/generic/pgf/fro
ntendlayer/tikz/libraries/circuits/tikzlibrarycircuits.code.tex
(/usr/share/texlive/texmf/tex/latex/yliow/download/pgf-2.10/tex/generic/pgf/fro
ntendlayer/tikz/libraries/tikzlibrarydecorations.markings.code.tex
(/usr/share/texlive/texmf/tex/latex/yliow/download/pgf-2.10/tex/generic/pgf/lib
raries/decorations/pgflibrarydecorations.markings.code.tex))
\tikz@lib@circ@count=\count151
\tikzcircuitssizeunit=\dimen196
)
(/usr/share/texlive/texmf/tex/latex/yliow/download/pgf-2.10/tex/generic/pgf/fro
ntendlayer/tikz/libraries/circuits/tikzlibrarycircuits.logic.US.code.tex
(/usr/share/texlive/texmf/tex/latex/yliow/download/pgf-2.10/tex/generic/pgf/fro
ntendlayer/tikz/libraries/circuits/tikzlibrarycircuits.logic.code.tex)
(/usr/share/texlive/texmf/tex/latex/yliow/download/pgf-2.10/tex/generic/pgf/lib
raries/shapes/circuits/pgflibraryshapes.gates.logic.US.code.tex
(/usr/share/texlive/texmf/tex/latex/yliow/download/pgf-2.10/tex/generic/pgf/lib
raries/shapes/circuits/pgflibraryshapes.gates.logic.code.tex)))
(/usr/share/texlive/texmf/tex/latex/yliow/download/pgf-2.10/tex/generic/pgf/fro
ntendlayer/tikz/libraries/tikzlibraryshapes.geometric.code.tex
File: tikzlibraryshapes.geometric.code.tex 2008/01/09 v2.10 (rcs-revision 1.1)

(/usr/share/texlive/texmf/tex/latex/yliow/download/pgf-2.10/tex/generic/pgf/lib
raries/shapes/pgflibraryshapes.geometric.code.tex
File: pgflibraryshapes.geometric.code.tex 2008/06/26 v2.10 (rcs-revision 1.1)
))
(/usr/share/texlive/texmf/tex/latex/yliow/download/python.sty
Package: python 2007/06/07 v0.21 Python in LaTeX
\@out=\write8
\@module=\write9
)
(/usr/share/texlive/texmf-dist/tex/latex/graphics/lscape.sty
Package: lscape 2000/10/22 v3.01 Landscape Pages (DPC)
)
(/usr/share/texlive/texmf-dist/tex/generic/ulem/ulem.sty
\UL@box=\box65
\UL@hyphenbox=\box66
\UL@skip=\skip63
\UL@hook=\toks43
\UL@height=\dimen197
\UL@pe=\count152
\UL@pixel=\dimen198
\ULC@box=\box67
Package: ulem 2012/05/18
\ULdepth=\dimen199
))
(/usr/share/texlive/texmf-dist/tex/latex/cancel/cancel.sty
Package: cancel 2000/03/12 v2.1 Cancel math terms
)
(/usr/share/texlive/texmf/tex/latex/yliow/mymath.sty)
\c@cor=\count153
\c@prop=\count154
\c@lem=\count155
\c@thm=\count156
\c@defn=\count157
\c@eg=\count158
\c@ex=\count159
\c@soln=\count160
\c@notation=\count161
\c@warning=\count162
\c@rem=\count163

(/usr/share/texlive/texmf-dist/tex/latex/koma-script/scrpage2.sty
Package: scrpage2 2010/04/22 v2.5 LaTeX2e KOMA-Script package
LaTeX Info: Redefining \pagemark on input line 176.
)
(/usr/share/texlive/texmf/tex/latex/yliow/headerfooter.tex)
(/usr/share/texlive/texmf/tex/latex/yliow/myverbatim.tex
(/usr/share/texlive/texmf/tex/latex/yliow/download/atbeginend.sty))
(/usr/share/texlive/texmf/tex/latex/yliow/mylist.tex)
(/usr/share/texlive/texmf/tex/latex/yliow/myhyperref.tex

Package hyperref Warning: Option `bookmarks' has already been used,
(hyperref)                setting the option has no effect on input line 25.

Package hyperref Info: Option `unicode' set `false' on input line 25.
Package hyperref Info: Option `pdftoolbar' set `true' on input line 25.
Package hyperref Info: Option `pdfmenubar' set `true' on input line 25.
Package hyperref Info: Option `pdffitwindow' set `false' on input line 25.
Package hyperref Info: Option `pdfnewwindow' set `true' on input line 25.
Package hyperref Info: Option `colorlinks' set `true' on input line 25.
) (/usr/share/texlive/texmf/tex/latex/yliow/mypython.tex)
(/usr/share/texlive/texmf/tex/latex/yliow/typewriter-cmtt.tex))
(/usr/share/texlive/texmf/tex/latex/yliow/download/tocstyle.sty
Package: tocstyle 2009/11/09 v0.2d-alpha LaTeX2e KOMA-Script package (versatile
 toc styles)


Package tocstyle Warning: THIS IS AN ALPHA VERSION!
(tocstyle)                USAGE OF THIS VERSION IS ON YOUR OWN RISK!
(tocstyle)                EVERYTHING MAY HAPPEN!
(tocstyle)                EVERYTHING MAY CHANGE IN FUTURE!
(tocstyle)                THERE IS NO SUPPORT, IF YOU USE THIS PACKAGE!
(tocstyle)                Maybe it would be better, not to load this package.

\tocstyle@indentstyle=\count164
Package tocstyle Info: no tocstyle.cfg found on input line 838.
)
exclude: 
exclude: 
exclude: 
exclude: 
exclude: 
exclude: 
exclude: 
) (./main.aux)
\openout1 = `main.aux'.

LaTeX Font Info:    Checking defaults for OML/cmm/m/it on input line 7.
LaTeX Font Info:    ... okay on input line 7.
LaTeX Font Info:    Checking defaults for T1/cmr/m/n on input line 7.
LaTeX Font Info:    ... okay on input line 7.
LaTeX Font Info:    Checking defaults for OT1/cmr/m/n on input line 7.
LaTeX Font Info:    ... okay on input line 7.
LaTeX Font Info:    Checking defaults for OMS/cmsy/m/n on input line 7.
LaTeX Font Info:    ... okay on input line 7.
LaTeX Font Info:    Checking defaults for OMX/cmex/m/n on input line 7.
LaTeX Font Info:    ... okay on input line 7.
LaTeX Font Info:    Checking defaults for U/cmr/m/n on input line 7.
LaTeX Font Info:    ... okay on input line 7.
LaTeX Font Info:    Checking defaults for PD1/pdf/m/n on input line 7.
LaTeX Font Info:    ... okay on input line 7.
Package lastpage Info: Please have a look at the pageslts package at
(lastpage)             http://www.ctan.org/tex-archive/ 
(lastpage)             macros/latex/contrib/pageslts/ 
(lastpage)             or
(lastpage)             http://www.ctan.org/tex-archive/ 
(lastpage)             install/macros/latex/contrib/pageslts.tds.zip
(lastpage)             ! on input line 7.
\AtBeginShipoutBox=\box68
Package hyperref Info: Link coloring ON on input line 7.
 (/usr/share/texlive/texmf-dist/tex/latex/hyperref/nameref.sty
Package: nameref 2012/10/27 v2.43 Cross-referencing by name of section

(/usr/share/texlive/texmf-dist/tex/generic/oberdiek/gettitlestring.sty
Package: gettitlestring 2010/12/03 v1.4 Cleanup title references (HO)
)
\c@section@level=\count165
)
LaTeX Info: Redefining \ref on input line 7.
LaTeX Info: Redefining \pageref on input line 7.
LaTeX Info: Redefining \nameref on input line 7.

(./main.out) (./main.out)
\@outlinefile=\write10
\openout10 = `main.out'.


(/usr/share/texlive/texmf-dist/tex/context/base/supp-pdf.mkii
[Loading MPS to PDF converter (version 2006.09.02).]
\scratchcounter=\count166
\scratchdimen=\dimen200
\scratchbox=\box69
\nofMPsegments=\count167
\nofMParguments=\count168
\everyMPshowfont=\toks44
\MPscratchCnt=\count169
\MPscratchDim=\dimen201
\MPnumerator=\count170
\makeMPintoPDFobject=\count171
\everyMPtoPDFconversion=\toks45
) (/usr/share/texlive/texmf-dist/tex/latex/oberdiek/epstopdf-base.sty
Package: epstopdf-base 2010/02/09 v2.5 Base part for package epstopdf

(/usr/share/texlive/texmf-dist/tex/latex/oberdiek/grfext.sty
Package: grfext 2010/08/19 v1.1 Manage graphics extensions (HO)
)
Package grfext Info: Graphics extension search list:
(grfext)             [.png,.pdf,.jpg,.mps,.jpeg,.jbig2,.jb2,.PNG,.PDF,.JPG,.JPE
G,.JBIG2,.JB2,.eps]
(grfext)             \AppendGraphicsExtensions on input line 452.

(/usr/share/texlive/texmf-dist/tex/latex/latexconfig/epstopdf-sys.cfg
File: epstopdf-sys.cfg 2010/07/13 v1.3 Configuration of (r)epstopdf for TeX Liv
e
))
ABD: EveryShipout initializing macros
Package tocstyle Info: prepare \l@part for redefinition on input line 7.
Package tocstyle Info: prepare \l@chapter for redefinition on input line 7.
Package tocstyle Info: prepare \l@section for redefinition on input line 7.
LaTeX Font Info:    Try loading font information for U+msa on input line 7.

(/usr/share/texlive/texmf-dist/tex/latex/amsfonts/umsa.fd
File: umsa.fd 2013/01/14 v3.01 AMS symbols A
)
LaTeX Font Info:    Try loading font information for U+msb on input line 7.

(/usr/share/texlive/texmf-dist/tex/latex/amsfonts/umsb.fd
File: umsb.fd 2013/01/14 v3.01 AMS symbols B
)
Package tocstyle Info: prepare \l@subsection for redefinition on input line 7.
Package tocstyle Info: prepare \l@table for redefinition on input line 7.
Package tocstyle Info: prepare \l@figure for redefinition on input line 7.

(/usr/share/texlive/texmf/tex/latex/yliow/myhyperref.tex

Package hyperref Warning: Option `bookmarks' has already been used,
(hyperref)                setting the option has no effect on input line 25.

Package hyperref Info: Option `unicode' set `false' on input line 25.

Package hyperref Warning: Option `pdftoolbar' has already been used,
(hyperref)                setting the option has no effect on input line 25.


Package hyperref Warning: Option `pdfmenubar' has already been used,
(hyperref)                setting the option has no effect on input line 25.


Package hyperref Warning: Option `pdffitwindow' has already been used,
(hyperref)                setting the option has no effect on input line 25.


Package hyperref Warning: Option `pdfstartview' has already been used,
(hyperref)                setting the option has no effect on input line 25.

Package hyperref Info: Option `pdfnewwindow' set `true' on input line 25.

Package hyperref Warning: Option `colorlinks' has already been used,
(hyperref)                setting the option has no effect on input line 25.

)

LaTeX Font Warning: Font shape `OT1/cmss/bx/sc' undefined
(Font)              using `OT1/cmss/bx/n' instead on input line 8.

[1



{/usr/share/texlive/texmf/fonts/map/pdftex/updmap/pdftex.map}] (./main.toc
number indent by \l@... (toc, 0):  0.0pt
text indent by \l@... (toc, 0):  17.62482pt
number indent by parent (toc, 0):  0.0pt
text indent calculated (toc, 0): 13.20007pt
number indent calculated (toc, 0): 0.0pt
number indent by \l@... (toc, 1):  17.62482pt
text indent by \l@... (toc, 1):  27.02475pt
number indent by parent (toc, 1):  13.20007pt
text indent calculated (toc, 1): 20.88867pt
number indent calculated (toc, 1): 13.20007pt
number indent by \l@... (toc, 1):  17.62482pt
text indent by \l@... (toc, 1):  27.02475pt
number indent by parent (toc, 1):  13.20007pt
text indent calculated (toc, 1): 20.88867pt
number indent calculated (toc, 1): 13.20007pt
number indent by \l@... (toc, 1):  17.62482pt
text indent by \l@... (toc, 1):  27.02475pt
number indent by parent (toc, 1):  13.20007pt
text indent calculated (toc, 1): 20.88867pt
number indent calculated (toc, 1): 13.20007pt
number indent by \l@... (toc, 0):  0.0pt
text indent by \l@... (toc, 0):  17.62482pt
number indent by parent (toc, 0):  0.0pt
text indent calculated (toc, 0): 13.20007pt
number indent calculated (toc, 0): 0.0pt
number indent by \l@... (toc, 1):  17.62482pt
text indent by \l@... (toc, 1):  27.02475pt
number indent by parent (toc, 1):  13.20007pt
text indent calculated (toc, 1): 20.88867pt
number indent calculated (toc, 1): 13.20007pt
number indent by \l@... (toc, 1):  17.62482pt
text indent by \l@... (toc, 1):  27.02475pt
number indent by parent (toc, 1):  13.20007pt
text indent calculated (toc, 1): 20.88867pt
number indent calculated (toc, 1): 13.20007pt
number indent by \l@... (toc, 1):  17.62482pt
text indent by \l@... (toc, 1):  27.02475pt
number indent by parent (toc, 1):  13.20007pt
text indent calculated (toc, 1): 20.88867pt
number indent calculated (toc, 1): 13.20007pt
number indent by \l@... (toc, 0):  0.0pt
text indent by \l@... (toc, 0):  17.62482pt
number indent by parent (toc, 0):  0.0pt
text indent calculated (toc, 0): 13.20007pt
number indent calculated (toc, 0): 0.0pt
number indent by \l@... (toc, 1):  17.62482pt
text indent by \l@... (toc, 1):  27.02475pt
number indent by parent (toc, 1):  13.20007pt
text indent calculated (toc, 1): 20.88867pt
number indent calculated (toc, 1): 13.20007pt
number indent by \l@... (toc, 0):  0.0pt
text indent by \l@... (toc, 0):  17.62482pt
number indent by parent (toc, 0):  0.0pt
text indent calculated (toc, 0): 13.20007pt
number indent calculated (toc, 0): 0.0pt
number indent by \l@... (toc, 1):  17.62482pt
text indent by \l@... (toc, 1):  27.02475pt
number indent by parent (toc, 1):  13.20007pt
text indent calculated (toc, 1): 20.88867pt
number indent calculated (toc, 1): 13.20007pt
number indent by \l@... (toc, 1):  17.62482pt
text indent by \l@... (toc, 1):  27.02475pt
number indent by parent (toc, 1):  13.20007pt
text indent calculated (toc, 1): 20.88867pt
number indent calculated (toc, 1): 13.20007pt
number indent by \l@... (toc, 1):  17.62482pt
text indent by \l@... (toc, 1):  27.02475pt
number indent by parent (toc, 1):  13.20007pt
text indent calculated (toc, 1): 20.88867pt
number indent calculated (toc, 1): 13.20007pt
number indent by \l@... (toc, 1):  17.62482pt
text indent by \l@... (toc, 1):  27.02475pt
number indent by parent (toc, 1):  13.20007pt
text indent calculated (toc, 1): 20.88867pt
number indent calculated (toc, 1): 13.20007pt
number indent by \l@... (toc, 1):  17.62482pt
text indent by \l@... (toc, 1):  27.02475pt
number indent by parent (toc, 1):  13.20007pt
text indent calculated (toc, 1): 20.88867pt
number indent calculated (toc, 1): 13.20007pt
number indent by \l@... (toc, 1):  17.62482pt
text indent by \l@... (toc, 1):  27.02475pt
number indent by parent (toc, 1):  13.20007pt
text indent calculated (toc, 1): 20.88867pt
number indent calculated (toc, 1): 13.20007pt
number indent by \l@... (toc, 1):  17.62482pt
text indent by \l@... (toc, 1):  27.02475pt
number indent by parent (toc, 1):  13.20007pt
text indent calculated (toc, 1): 20.88867pt
number indent calculated (toc, 1): 13.20007pt
number indent by \l@... (toc, 0):  0.0pt
text indent by \l@... (toc, 0):  17.62482pt
number indent by parent (toc, 0):  0.0pt
text indent calculated (toc, 0): 13.20007pt
number indent calculated (toc, 0): 0.0pt
number indent by \l@... (toc, 0):  0.0pt
text indent by \l@... (toc, 0):  17.62482pt
number indent by parent (toc, 0):  0.0pt
text indent calculated (toc, 0): 13.20007pt
number indent calculated (toc, 0): 0.0pt
)
\tf@toc=\write11
\openout11 = `main.toc'.

 [2

]
Chapter 1.

Overfull \hbox (21.19173pt too wide) in paragraph at lines 38--41
[][]\OT1/cmr/bx/n/12 Theorem 1.1.1. []\OT1/cmr/m/it/12 (Fer-mat's Lit-tle The-o
-rem) Let $\OML/cmm/m/it/12 p$ \OT1/cmr/m/it/12 be a prime. If $[]\OT1/cmr/m/n/
12 (\OML/cmm/m/it/12 a; p\OT1/cmr/m/n/12 ) =
 []

[3

] [4] [5] [6]
Chapter 2.
[7

] [8] [9] [10] [11] [12]
Chapter 3.
[13

]
Overfull \hbox (4.86452pt too wide) in paragraph at lines 126--127
[]\OT1/cmr/m/n/12 BOTTOM OF PARA-GRAPH. Lorem ip-sum do-lor sit amet, con-secte
tuer
 []

[14] [15]
Chapter 4.
[16

] [17] [18]
Underfull \vbox (badness 10000) detected at line 188
 []

[19] [20] [21] [22] (./bibliography.tex)

LaTeX Warning: Empty `thebibliography' environment or \BreakBibliography
               before end of `thebibliography' environment on input line 209.

[23



] (./main.ind [24






]) 
AED: lastpage setting LastPage
Package atveryend Info: Empty hook `BeforeClearDocument' on input line 217.
Package atveryend Info: Empty hook `AfterLastShipout' on input line 217.
(./main.aux)
Package atveryend Info: Executing hook `AtVeryEndDocument' on input line 217.
Package atveryend Info: Executing hook `AtEndAfterFileList' on input line 217.
Package rerunfilecheck Info: File `main.out' has not changed.
(rerunfilecheck)             Checksum: 08F7CF6F68935BA561358E534D11106E;1228.


LaTeX Font Warning: Some font shapes were not available, defaults substituted.

Package atveryend Info: Empty hook `AtVeryVeryEnd' on input line 217.
 ) 
Here is how much of TeX's memory you used:
 27797 strings out of 495063
 614343 string characters out of 3182194
 951737 words of memory out of 3100000
 30344 multiletter control sequences out of 15000+200000
 13773 words of font info for 53 fonts, out of 3100000 for 9000
 14 hyphenation exceptions out of 8191
 77i,11n,90p,647b,609s stack positions out of 5000i,500n,10000p,200000b,50000s
</usr/share/texlive/texmf-dist/fonts/type1/public/amsfonts/cm/cmbx12.pfb></us
r/share/texlive/texmf-dist/fonts/type1/public/amsfonts/cm/cmcsc10.pfb></usr/sha
re/texlive/texmf-dist/fonts/type1/public/amsfonts/cm/cmex10.pfb></usr/share/tex
live/texmf-dist/fonts/type1/public/amsfonts/cm/cmmi12.pfb></usr/share/texlive/t
exmf-dist/fonts/type1/public/amsfonts/cm/cmmi8.pfb></usr/share/texlive/texmf-di
st/fonts/type1/public/amsfonts/cm/cmr12.pfb></usr/share/texlive/texmf-dist/font
s/type1/public/amsfonts/cm/cmr6.pfb></usr/share/texlive/texmf-dist/fonts/type1/
public/amsfonts/cm/cmr8.pfb></usr/share/texlive/texmf-dist/fonts/type1/public/a
msfonts/cm/cmssbx10.pfb></usr/share/texlive/texmf-dist/fonts/type1/public/amsfo
nts/cm/cmsy10.pfb></usr/share/texlive/texmf-dist/fonts/type1/public/amsfonts/cm
/cmsy6.pfb></usr/share/texlive/texmf-dist/fonts/type1/public/amsfonts/cm/cmsy8.
pfb></usr/share/texlive/texmf-dist/fonts/type1/public/amsfonts/cm/cmti12.pfb></
usr/share/texlive/texmf-dist/fonts/type1/public/amsfonts/cm/cmtt12.pfb></usr/sh
are/texlive/texmf-dist/fonts/type1/public/amsfonts/symbols/msam10.pfb></usr/sha
re/texlive/texmf-dist/fonts/type1/public/amsfonts/symbols/msbm10.pfb>
Output written on main.pdf (24 pages, 193050 bytes).
PDF statistics:
 323 PDF objects out of 1000 (max. 8388607)
 278 compressed objects within 3 object streams
 59 named destinations out of 1000 (max. 500000)
 173 words of extra memory for PDF output out of 10000 (max. 10000000)

