\BOOKMARK [0][-]{chapter.1}{Introduction}{}% 1
\BOOKMARK [1][-]{section.1.1}{The first cipher: Caesar cipher}{chapter.1}% 2
\BOOKMARK [1][-]{section.1.2}{Second Section}{chapter.1}% 3
\BOOKMARK [1][-]{section.1.3}{Third Section}{chapter.1}% 4
\BOOKMARK [0][-]{chapter.2}{History from 1300 to 1500}{}% 5
\BOOKMARK [1][-]{section.2.1}{Fourth Section}{chapter.2}% 6
\BOOKMARK [1][-]{section.2.2}{Fifth Section}{chapter.2}% 7
\BOOKMARK [1][-]{section.2.3}{Sixth Section}{chapter.2}% 8
\BOOKMARK [0][-]{chapter.3}{History from 1500 to 1800}{}% 9
\BOOKMARK [1][-]{section.3.1}{Theorem Environment}{chapter.3}% 10
\BOOKMARK [0][-]{chapter.4}{History from 1800 to 2000}{}% 11
\BOOKMARK [1][-]{section.4.1}{Verbatim}{chapter.4}% 12
\BOOKMARK [1][-]{section.4.2}{Test Enumerate}{chapter.4}% 13
\BOOKMARK [1][-]{section.4.3}{A New Section}{chapter.4}% 14
\BOOKMARK [1][-]{section.4.4}{Yet Another New Section}{chapter.4}% 15
\BOOKMARK [1][-]{section.4.5}{And Yet Another New Section}{chapter.4}% 16
\BOOKMARK [1][-]{section.4.6}{And Yet Another New Section}{chapter.4}% 17
\BOOKMARK [1][-]{section.4.7}{And Yet Another New Section}{chapter.4}% 18
\BOOKMARK [0][-]{section.4.7}{Bibliography}{}% 19
\BOOKMARK [0][-]{chapter*.2}{Index}{}% 20
